ERROR - 2022-11-15 20:18:35 --> mysqli_sql_exception: Unknown column 'id_rol' in 'field list' in C:\xampp\htdocs\backendtaller\system\Database\MySQLi\Connection.php:292
Stack trace:
#0 C:\xampp\htdocs\backendtaller\system\Database\MySQLi\Connection.php(292): mysqli->query('INSERT INTO `us...', 0)
#1 C:\xampp\htdocs\backendtaller\system\Database\BaseConnection.php(666): CodeIgniter\Database\MySQLi\Connection->execute('INSERT INTO `us...')
#2 C:\xampp\htdocs\backendtaller\system\Database\BaseConnection.php(593): CodeIgniter\Database\BaseConnection->simpleQuery('INSERT INTO `us...')
#3 C:\xampp\htdocs\backendtaller\system\Database\BaseBuilder.php(1916): CodeIgniter\Database\BaseConnection->query('INSERT INTO `us...', Array, false)
#4 C:\xampp\htdocs\backendtaller\system\Model.php(279): CodeIgniter\Database\BaseBuilder->insert()
#5 C:\xampp\htdocs\backendtaller\system\BaseModel.php(749): CodeIgniter\Model->doInsert(Array)
#6 C:\xampp\htdocs\backendtaller\system\Model.php(667): CodeIgniter\BaseModel->insert(Array, true)
#7 C:\xampp\htdocs\backendtaller\app\Controllers\API\UsuarioController.php(52): CodeIgniter\Model->insert(Array)
#8 C:\xampp\htdocs\backendtaller\system\CodeIgniter.php(927): App\Controllers\API\UsuarioController->create()
#9 C:\xampp\htdocs\backendtaller\system\CodeIgniter.php(482): CodeIgniter\CodeIgniter->runController(Object(App\Controllers\API\UsuarioController))
#10 C:\xampp\htdocs\backendtaller\system\CodeIgniter.php(351): CodeIgniter\CodeIgniter->handleRequest(NULL, Object(Config\Cache), false)
#11 C:\xampp\htdocs\backendtaller\public\index.php(67): CodeIgniter\CodeIgniter->run()
#12 C:\xampp\htdocs\backendtaller\system\Commands\Server\rewrite.php(46): require_once('C:\\xampp\\htdocs...')
#13 {main}
ERROR - 2022-11-15 20:20:54 --> mysqli_sql_exception: Unknown column 'id_rol' in 'field list' in C:\xampp\htdocs\backendtaller\system\Database\MySQLi\Connection.php:292
Stack trace:
#0 C:\xampp\htdocs\backendtaller\system\Database\MySQLi\Connection.php(292): mysqli->query('INSERT INTO `us...', 0)
#1 C:\xampp\htdocs\backendtaller\system\Database\BaseConnection.php(666): CodeIgniter\Database\MySQLi\Connection->execute('INSERT INTO `us...')
#2 C:\xampp\htdocs\backendtaller\system\Database\BaseConnection.php(593): CodeIgniter\Database\BaseConnection->simpleQuery('INSERT INTO `us...')
#3 C:\xampp\htdocs\backendtaller\system\Database\BaseBuilder.php(1916): CodeIgniter\Database\BaseConnection->query('INSERT INTO `us...', Array, false)
#4 C:\xampp\htdocs\backendtaller\system\Model.php(279): CodeIgniter\Database\BaseBuilder->insert()
#5 C:\xampp\htdocs\backendtaller\system\BaseModel.php(749): CodeIgniter\Model->doInsert(Array)
#6 C:\xampp\htdocs\backendtaller\system\Model.php(667): CodeIgniter\BaseModel->insert(Array, true)
#7 C:\xampp\htdocs\backendtaller\app\Controllers\API\UsuarioController.php(52): CodeIgniter\Model->insert(Array)
#8 C:\xampp\htdocs\backendtaller\system\CodeIgniter.php(927): App\Controllers\API\UsuarioController->create()
#9 C:\xampp\htdocs\backendtaller\system\CodeIgniter.php(482): CodeIgniter\CodeIgniter->runController(Object(App\Controllers\API\UsuarioController))
#10 C:\xampp\htdocs\backendtaller\system\CodeIgniter.php(351): CodeIgniter\CodeIgniter->handleRequest(NULL, Object(Config\Cache), false)
#11 C:\xampp\htdocs\backendtaller\public\index.php(67): CodeIgniter\CodeIgniter->run()
#12 C:\xampp\htdocs\backendtaller\system\Commands\Server\rewrite.php(46): require_once('C:\\xampp\\htdocs...')
#13 {main}
ERROR - 2022-11-15 20:21:55 --> mysqli_sql_exception: Unknown column 'id_rol' in 'field list' in C:\xampp\htdocs\backendtaller\system\Database\MySQLi\Connection.php:292
Stack trace:
#0 C:\xampp\htdocs\backendtaller\system\Database\MySQLi\Connection.php(292): mysqli->query('INSERT INTO `us...', 0)
#1 C:\xampp\htdocs\backendtaller\system\Database\BaseConnection.php(666): CodeIgniter\Database\MySQLi\Connection->execute('INSERT INTO `us...')
#2 C:\xampp\htdocs\backendtaller\system\Database\BaseConnection.php(593): CodeIgniter\Database\BaseConnection->simpleQuery('INSERT INTO `us...')
#3 C:\xampp\htdocs\backendtaller\system\Database\BaseBuilder.php(1916): CodeIgniter\Database\BaseConnection->query('INSERT INTO `us...', Array, false)
#4 C:\xampp\htdocs\backendtaller\system\Model.php(279): CodeIgniter\Database\BaseBuilder->insert()
#5 C:\xampp\htdocs\backendtaller\system\BaseModel.php(749): CodeIgniter\Model->doInsert(Array)
#6 C:\xampp\htdocs\backendtaller\system\Model.php(667): CodeIgniter\BaseModel->insert(Array, true)
#7 C:\xampp\htdocs\backendtaller\app\Controllers\API\UsuarioController.php(52): CodeIgniter\Model->insert(Array)
#8 C:\xampp\htdocs\backendtaller\system\CodeIgniter.php(927): App\Controllers\API\UsuarioController->create()
#9 C:\xampp\htdocs\backendtaller\system\CodeIgniter.php(482): CodeIgniter\CodeIgniter->runController(Object(App\Controllers\API\UsuarioController))
#10 C:\xampp\htdocs\backendtaller\system\CodeIgniter.php(351): CodeIgniter\CodeIgniter->handleRequest(NULL, Object(Config\Cache), false)
#11 C:\xampp\htdocs\backendtaller\public\index.php(67): CodeIgniter\CodeIgniter->run()
#12 C:\xampp\htdocs\backendtaller\system\Commands\Server\rewrite.php(46): require_once('C:\\xampp\\htdocs...')
#13 {main}
ERROR - 2022-11-15 20:22:16 --> mysqli_sql_exception: Unknown column 'id_rol' in 'field list' in C:\xampp\htdocs\backendtaller\system\Database\MySQLi\Connection.php:292
Stack trace:
#0 C:\xampp\htdocs\backendtaller\system\Database\MySQLi\Connection.php(292): mysqli->query('INSERT INTO `us...', 0)
#1 C:\xampp\htdocs\backendtaller\system\Database\BaseConnection.php(666): CodeIgniter\Database\MySQLi\Connection->execute('INSERT INTO `us...')
#2 C:\xampp\htdocs\backendtaller\system\Database\BaseConnection.php(593): CodeIgniter\Database\BaseConnection->simpleQuery('INSERT INTO `us...')
#3 C:\xampp\htdocs\backendtaller\system\Database\BaseBuilder.php(1916): CodeIgniter\Database\BaseConnection->query('INSERT INTO `us...', Array, false)
#4 C:\xampp\htdocs\backendtaller\system\Model.php(279): CodeIgniter\Database\BaseBuilder->insert()
#5 C:\xampp\htdocs\backendtaller\system\BaseModel.php(749): CodeIgniter\Model->doInsert(Array)
#6 C:\xampp\htdocs\backendtaller\system\Model.php(667): CodeIgniter\BaseModel->insert(Array, true)
#7 C:\xampp\htdocs\backendtaller\app\Controllers\API\UsuarioController.php(52): CodeIgniter\Model->insert(Array)
#8 C:\xampp\htdocs\backendtaller\system\CodeIgniter.php(927): App\Controllers\API\UsuarioController->create()
#9 C:\xampp\htdocs\backendtaller\system\CodeIgniter.php(482): CodeIgniter\CodeIgniter->runController(Object(App\Controllers\API\UsuarioController))
#10 C:\xampp\htdocs\backendtaller\system\CodeIgniter.php(351): CodeIgniter\CodeIgniter->handleRequest(NULL, Object(Config\Cache), false)
#11 C:\xampp\htdocs\backendtaller\public\index.php(67): CodeIgniter\CodeIgniter->run()
#12 C:\xampp\htdocs\backendtaller\system\Commands\Server\rewrite.php(46): require_once('C:\\xampp\\htdocs...')
#13 {main}
ERROR - 2022-11-15 20:23:30 --> mysqli_sql_exception: Unknown column 'id_rol' in 'field list' in C:\xampp\htdocs\backendtaller\system\Database\MySQLi\Connection.php:292
Stack trace:
#0 C:\xampp\htdocs\backendtaller\system\Database\MySQLi\Connection.php(292): mysqli->query('INSERT INTO `us...', 0)
#1 C:\xampp\htdocs\backendtaller\system\Database\BaseConnection.php(666): CodeIgniter\Database\MySQLi\Connection->execute('INSERT INTO `us...')
#2 C:\xampp\htdocs\backendtaller\system\Database\BaseConnection.php(593): CodeIgniter\Database\BaseConnection->simpleQuery('INSERT INTO `us...')
#3 C:\xampp\htdocs\backendtaller\system\Database\BaseBuilder.php(1916): CodeIgniter\Database\BaseConnection->query('INSERT INTO `us...', Array, false)
#4 C:\xampp\htdocs\backendtaller\system\Model.php(279): CodeIgniter\Database\BaseBuilder->insert()
#5 C:\xampp\htdocs\backendtaller\system\BaseModel.php(749): CodeIgniter\Model->doInsert(Array)
#6 C:\xampp\htdocs\backendtaller\system\Model.php(667): CodeIgniter\BaseModel->insert(Array, true)
#7 C:\xampp\htdocs\backendtaller\app\Controllers\API\UsuarioController.php(52): CodeIgniter\Model->insert(Array)
#8 C:\xampp\htdocs\backendtaller\system\CodeIgniter.php(927): App\Controllers\API\UsuarioController->create()
#9 C:\xampp\htdocs\backendtaller\system\CodeIgniter.php(482): CodeIgniter\CodeIgniter->runController(Object(App\Controllers\API\UsuarioController))
#10 C:\xampp\htdocs\backendtaller\system\CodeIgniter.php(351): CodeIgniter\CodeIgniter->handleRequest(NULL, Object(Config\Cache), false)
#11 C:\xampp\htdocs\backendtaller\public\index.php(67): CodeIgniter\CodeIgniter->run()
#12 C:\xampp\htdocs\backendtaller\system\Commands\Server\rewrite.php(46): require_once('C:\\xampp\\htdocs...')
#13 {main}
ERROR - 2022-11-15 20:28:43 --> mysqli_sql_exception: Unknown column 'id_rol' in 'field list' in C:\xampp\htdocs\backendtaller\system\Database\MySQLi\Connection.php:292
Stack trace:
#0 C:\xampp\htdocs\backendtaller\system\Database\MySQLi\Connection.php(292): mysqli->query('INSERT INTO `us...', 0)
#1 C:\xampp\htdocs\backendtaller\system\Database\BaseConnection.php(666): CodeIgniter\Database\MySQLi\Connection->execute('INSERT INTO `us...')
#2 C:\xampp\htdocs\backendtaller\system\Database\BaseConnection.php(593): CodeIgniter\Database\BaseConnection->simpleQuery('INSERT INTO `us...')
#3 C:\xampp\htdocs\backendtaller\system\Database\BaseBuilder.php(1916): CodeIgniter\Database\BaseConnection->query('INSERT INTO `us...', Array, false)
#4 C:\xampp\htdocs\backendtaller\system\Model.php(279): CodeIgniter\Database\BaseBuilder->insert()
#5 C:\xampp\htdocs\backendtaller\system\BaseModel.php(749): CodeIgniter\Model->doInsert(Array)
#6 C:\xampp\htdocs\backendtaller\system\Model.php(667): CodeIgniter\BaseModel->insert(Array, true)
#7 C:\xampp\htdocs\backendtaller\app\Controllers\API\UsuarioController.php(52): CodeIgniter\Model->insert(Array)
#8 C:\xampp\htdocs\backendtaller\system\CodeIgniter.php(927): App\Controllers\API\UsuarioController->create()
#9 C:\xampp\htdocs\backendtaller\system\CodeIgniter.php(482): CodeIgniter\CodeIgniter->runController(Object(App\Controllers\API\UsuarioController))
#10 C:\xampp\htdocs\backendtaller\system\CodeIgniter.php(351): CodeIgniter\CodeIgniter->handleRequest(NULL, Object(Config\Cache), false)
#11 C:\xampp\htdocs\backendtaller\public\index.php(67): CodeIgniter\CodeIgniter->run()
#12 C:\xampp\htdocs\backendtaller\system\Commands\Server\rewrite.php(46): require_once('C:\\xampp\\htdocs...')
#13 {main}
ERROR - 2022-11-15 20:29:35 --> mysqli_sql_exception: Unknown column 'id_rol' in 'field list' in C:\xampp\htdocs\backendtaller\system\Database\MySQLi\Connection.php:292
Stack trace:
#0 C:\xampp\htdocs\backendtaller\system\Database\MySQLi\Connection.php(292): mysqli->query('INSERT INTO `us...', 0)
#1 C:\xampp\htdocs\backendtaller\system\Database\BaseConnection.php(666): CodeIgniter\Database\MySQLi\Connection->execute('INSERT INTO `us...')
#2 C:\xampp\htdocs\backendtaller\system\Database\BaseConnection.php(593): CodeIgniter\Database\BaseConnection->simpleQuery('INSERT INTO `us...')
#3 C:\xampp\htdocs\backendtaller\system\Database\BaseBuilder.php(1916): CodeIgniter\Database\BaseConnection->query('INSERT INTO `us...', Array, false)
#4 C:\xampp\htdocs\backendtaller\system\Model.php(279): CodeIgniter\Database\BaseBuilder->insert()
#5 C:\xampp\htdocs\backendtaller\system\BaseModel.php(749): CodeIgniter\Model->doInsert(Array)
#6 C:\xampp\htdocs\backendtaller\system\Model.php(667): CodeIgniter\BaseModel->insert(Array, true)
#7 C:\xampp\htdocs\backendtaller\app\Controllers\API\UsuarioController.php(52): CodeIgniter\Model->insert(Array)
#8 C:\xampp\htdocs\backendtaller\system\CodeIgniter.php(927): App\Controllers\API\UsuarioController->create()
#9 C:\xampp\htdocs\backendtaller\system\CodeIgniter.php(482): CodeIgniter\CodeIgniter->runController(Object(App\Controllers\API\UsuarioController))
#10 C:\xampp\htdocs\backendtaller\system\CodeIgniter.php(351): CodeIgniter\CodeIgniter->handleRequest(NULL, Object(Config\Cache), false)
#11 C:\xampp\htdocs\backendtaller\public\index.php(67): CodeIgniter\CodeIgniter->run()
#12 C:\xampp\htdocs\backendtaller\system\Commands\Server\rewrite.php(46): require_once('C:\\xampp\\htdocs...')
#13 {main}
ERROR - 2022-11-15 20:30:05 --> mysqli_sql_exception: Unknown column 'id_rol' in 'field list' in C:\xampp\htdocs\backendtaller\system\Database\MySQLi\Connection.php:292
Stack trace:
#0 C:\xampp\htdocs\backendtaller\system\Database\MySQLi\Connection.php(292): mysqli->query('INSERT INTO `us...', 0)
#1 C:\xampp\htdocs\backendtaller\system\Database\BaseConnection.php(666): CodeIgniter\Database\MySQLi\Connection->execute('INSERT INTO `us...')
#2 C:\xampp\htdocs\backendtaller\system\Database\BaseConnection.php(593): CodeIgniter\Database\BaseConnection->simpleQuery('INSERT INTO `us...')
#3 C:\xampp\htdocs\backendtaller\system\Database\BaseBuilder.php(1916): CodeIgniter\Database\BaseConnection->query('INSERT INTO `us...', Array, false)
#4 C:\xampp\htdocs\backendtaller\system\Model.php(279): CodeIgniter\Database\BaseBuilder->insert()
#5 C:\xampp\htdocs\backendtaller\system\BaseModel.php(749): CodeIgniter\Model->doInsert(Array)
#6 C:\xampp\htdocs\backendtaller\system\Model.php(667): CodeIgniter\BaseModel->insert(Array, true)
#7 C:\xampp\htdocs\backendtaller\app\Controllers\API\UsuarioController.php(52): CodeIgniter\Model->insert(Array)
#8 C:\xampp\htdocs\backendtaller\system\CodeIgniter.php(927): App\Controllers\API\UsuarioController->create()
#9 C:\xampp\htdocs\backendtaller\system\CodeIgniter.php(482): CodeIgniter\CodeIgniter->runController(Object(App\Controllers\API\UsuarioController))
#10 C:\xampp\htdocs\backendtaller\system\CodeIgniter.php(351): CodeIgniter\CodeIgniter->handleRequest(NULL, Object(Config\Cache), false)
#11 C:\xampp\htdocs\backendtaller\public\index.php(67): CodeIgniter\CodeIgniter->run()
#12 C:\xampp\htdocs\backendtaller\system\Commands\Server\rewrite.php(46): require_once('C:\\xampp\\htdocs...')
#13 {main}
ERROR - 2022-11-15 20:33:38 --> mysqli_sql_exception: Unknown column 'id_rol' in 'field list' in C:\xampp\htdocs\backendtaller\system\Database\MySQLi\Connection.php:292
Stack trace:
#0 C:\xampp\htdocs\backendtaller\system\Database\MySQLi\Connection.php(292): mysqli->query('INSERT INTO `us...', 0)
#1 C:\xampp\htdocs\backendtaller\system\Database\BaseConnection.php(666): CodeIgniter\Database\MySQLi\Connection->execute('INSERT INTO `us...')
#2 C:\xampp\htdocs\backendtaller\system\Database\BaseConnection.php(593): CodeIgniter\Database\BaseConnection->simpleQuery('INSERT INTO `us...')
#3 C:\xampp\htdocs\backendtaller\system\Database\BaseBuilder.php(1916): CodeIgniter\Database\BaseConnection->query('INSERT INTO `us...', Array, false)
#4 C:\xampp\htdocs\backendtaller\system\Model.php(279): CodeIgniter\Database\BaseBuilder->insert()
#5 C:\xampp\htdocs\backendtaller\system\BaseModel.php(749): CodeIgniter\Model->doInsert(Array)
#6 C:\xampp\htdocs\backendtaller\system\Model.php(667): CodeIgniter\BaseModel->insert(Array, true)
#7 C:\xampp\htdocs\backendtaller\app\Controllers\API\UsuarioController.php(52): CodeIgniter\Model->insert(Array)
#8 C:\xampp\htdocs\backendtaller\system\CodeIgniter.php(927): App\Controllers\API\UsuarioController->create()
#9 C:\xampp\htdocs\backendtaller\system\CodeIgniter.php(482): CodeIgniter\CodeIgniter->runController(Object(App\Controllers\API\UsuarioController))
#10 C:\xampp\htdocs\backendtaller\system\CodeIgniter.php(351): CodeIgniter\CodeIgniter->handleRequest(NULL, Object(Config\Cache), false)
#11 C:\xampp\htdocs\backendtaller\public\index.php(67): CodeIgniter\CodeIgniter->run()
#12 C:\xampp\htdocs\backendtaller\system\Commands\Server\rewrite.php(46): require_once('C:\\xampp\\htdocs...')
#13 {main}
ERROR - 2022-11-15 20:34:56 --> mysqli_sql_exception: Unknown column 'id_rol' in 'field list' in C:\xampp\htdocs\backendtaller\system\Database\MySQLi\Connection.php:292
Stack trace:
#0 C:\xampp\htdocs\backendtaller\system\Database\MySQLi\Connection.php(292): mysqli->query('INSERT INTO `us...', 0)
#1 C:\xampp\htdocs\backendtaller\system\Database\BaseConnection.php(666): CodeIgniter\Database\MySQLi\Connection->execute('INSERT INTO `us...')
#2 C:\xampp\htdocs\backendtaller\system\Database\BaseConnection.php(593): CodeIgniter\Database\BaseConnection->simpleQuery('INSERT INTO `us...')
#3 C:\xampp\htdocs\backendtaller\system\Database\BaseBuilder.php(1916): CodeIgniter\Database\BaseConnection->query('INSERT INTO `us...', Array, false)
#4 C:\xampp\htdocs\backendtaller\system\Model.php(279): CodeIgniter\Database\BaseBuilder->insert()
#5 C:\xampp\htdocs\backendtaller\system\BaseModel.php(749): CodeIgniter\Model->doInsert(Array)
#6 C:\xampp\htdocs\backendtaller\system\Model.php(667): CodeIgniter\BaseModel->insert(Array, true)
#7 C:\xampp\htdocs\backendtaller\app\Controllers\API\UsuarioController.php(52): CodeIgniter\Model->insert(Array)
#8 C:\xampp\htdocs\backendtaller\system\CodeIgniter.php(927): App\Controllers\API\UsuarioController->create()
#9 C:\xampp\htdocs\backendtaller\system\CodeIgniter.php(482): CodeIgniter\CodeIgniter->runController(Object(App\Controllers\API\UsuarioController))
#10 C:\xampp\htdocs\backendtaller\system\CodeIgniter.php(351): CodeIgniter\CodeIgniter->handleRequest(NULL, Object(Config\Cache), false)
#11 C:\xampp\htdocs\backendtaller\public\index.php(67): CodeIgniter\CodeIgniter->run()
#12 C:\xampp\htdocs\backendtaller\system\Commands\Server\rewrite.php(46): require_once('C:\\xampp\\htdocs...')
#13 {main}
ERROR - 2022-11-15 20:35:26 --> mysqli_sql_exception: Unknown column 'id_rol' in 'field list' in C:\xampp\htdocs\backendtaller\system\Database\MySQLi\Connection.php:292
Stack trace:
#0 C:\xampp\htdocs\backendtaller\system\Database\MySQLi\Connection.php(292): mysqli->query('INSERT INTO `us...', 0)
#1 C:\xampp\htdocs\backendtaller\system\Database\BaseConnection.php(666): CodeIgniter\Database\MySQLi\Connection->execute('INSERT INTO `us...')
#2 C:\xampp\htdocs\backendtaller\system\Database\BaseConnection.php(593): CodeIgniter\Database\BaseConnection->simpleQuery('INSERT INTO `us...')
#3 C:\xampp\htdocs\backendtaller\system\Database\BaseBuilder.php(1916): CodeIgniter\Database\BaseConnection->query('INSERT INTO `us...', Array, false)
#4 C:\xampp\htdocs\backendtaller\system\Model.php(279): CodeIgniter\Database\BaseBuilder->insert()
#5 C:\xampp\htdocs\backendtaller\system\BaseModel.php(749): CodeIgniter\Model->doInsert(Array)
#6 C:\xampp\htdocs\backendtaller\system\Model.php(667): CodeIgniter\BaseModel->insert(Array, true)
#7 C:\xampp\htdocs\backendtaller\app\Controllers\API\UsuarioController.php(52): CodeIgniter\Model->insert(Array)
#8 C:\xampp\htdocs\backendtaller\system\CodeIgniter.php(927): App\Controllers\API\UsuarioController->create()
#9 C:\xampp\htdocs\backendtaller\system\CodeIgniter.php(482): CodeIgniter\CodeIgniter->runController(Object(App\Controllers\API\UsuarioController))
#10 C:\xampp\htdocs\backendtaller\system\CodeIgniter.php(351): CodeIgniter\CodeIgniter->handleRequest(NULL, Object(Config\Cache), false)
#11 C:\xampp\htdocs\backendtaller\public\index.php(67): CodeIgniter\CodeIgniter->run()
#12 C:\xampp\htdocs\backendtaller\system\Commands\Server\rewrite.php(46): require_once('C:\\xampp\\htdocs...')
#13 {main}
ERROR - 2022-11-15 20:36:50 --> mysqli_sql_exception: Unknown column 'id_rol' in 'field list' in C:\xampp\htdocs\backendtaller\system\Database\MySQLi\Connection.php:292
Stack trace:
#0 C:\xampp\htdocs\backendtaller\system\Database\MySQLi\Connection.php(292): mysqli->query('INSERT INTO `us...', 0)
#1 C:\xampp\htdocs\backendtaller\system\Database\BaseConnection.php(666): CodeIgniter\Database\MySQLi\Connection->execute('INSERT INTO `us...')
#2 C:\xampp\htdocs\backendtaller\system\Database\BaseConnection.php(593): CodeIgniter\Database\BaseConnection->simpleQuery('INSERT INTO `us...')
#3 C:\xampp\htdocs\backendtaller\system\Database\BaseBuilder.php(1916): CodeIgniter\Database\BaseConnection->query('INSERT INTO `us...', Array, false)
#4 C:\xampp\htdocs\backendtaller\system\Model.php(279): CodeIgniter\Database\BaseBuilder->insert()
#5 C:\xampp\htdocs\backendtaller\system\BaseModel.php(749): CodeIgniter\Model->doInsert(Array)
#6 C:\xampp\htdocs\backendtaller\system\Model.php(667): CodeIgniter\BaseModel->insert(Array, true)
#7 C:\xampp\htdocs\backendtaller\app\Controllers\API\UsuarioController.php(52): CodeIgniter\Model->insert(Array)
#8 C:\xampp\htdocs\backendtaller\system\CodeIgniter.php(927): App\Controllers\API\UsuarioController->create()
#9 C:\xampp\htdocs\backendtaller\system\CodeIgniter.php(482): CodeIgniter\CodeIgniter->runController(Object(App\Controllers\API\UsuarioController))
#10 C:\xampp\htdocs\backendtaller\system\CodeIgniter.php(351): CodeIgniter\CodeIgniter->handleRequest(NULL, Object(Config\Cache), false)
#11 C:\xampp\htdocs\backendtaller\public\index.php(67): CodeIgniter\CodeIgniter->run()
#12 C:\xampp\htdocs\backendtaller\system\Commands\Server\rewrite.php(46): require_once('C:\\xampp\\htdocs...')
#13 {main}
ERROR - 2022-11-15 20:39:20 --> mysqli_sql_exception: Unknown column 'id_rol' in 'field list' in C:\xampp\htdocs\backendtaller\system\Database\MySQLi\Connection.php:292
Stack trace:
#0 C:\xampp\htdocs\backendtaller\system\Database\MySQLi\Connection.php(292): mysqli->query('INSERT INTO `us...', 0)
#1 C:\xampp\htdocs\backendtaller\system\Database\BaseConnection.php(666): CodeIgniter\Database\MySQLi\Connection->execute('INSERT INTO `us...')
#2 C:\xampp\htdocs\backendtaller\system\Database\BaseConnection.php(593): CodeIgniter\Database\BaseConnection->simpleQuery('INSERT INTO `us...')
#3 C:\xampp\htdocs\backendtaller\system\Database\BaseBuilder.php(1916): CodeIgniter\Database\BaseConnection->query('INSERT INTO `us...', Array, false)
#4 C:\xampp\htdocs\backendtaller\system\Model.php(279): CodeIgniter\Database\BaseBuilder->insert()
#5 C:\xampp\htdocs\backendtaller\system\BaseModel.php(749): CodeIgniter\Model->doInsert(Array)
#6 C:\xampp\htdocs\backendtaller\system\Model.php(667): CodeIgniter\BaseModel->insert(Array, true)
#7 C:\xampp\htdocs\backendtaller\app\Controllers\API\UsuarioController.php(52): CodeIgniter\Model->insert(Array)
#8 C:\xampp\htdocs\backendtaller\system\CodeIgniter.php(927): App\Controllers\API\UsuarioController->create()
#9 C:\xampp\htdocs\backendtaller\system\CodeIgniter.php(482): CodeIgniter\CodeIgniter->runController(Object(App\Controllers\API\UsuarioController))
#10 C:\xampp\htdocs\backendtaller\system\CodeIgniter.php(351): CodeIgniter\CodeIgniter->handleRequest(NULL, Object(Config\Cache), false)
#11 C:\xampp\htdocs\backendtaller\public\index.php(67): CodeIgniter\CodeIgniter->run()
#12 C:\xampp\htdocs\backendtaller\system\Commands\Server\rewrite.php(46): require_once('C:\\xampp\\htdocs...')
#13 {main}
ERROR - 2022-11-15 20:40:08 --> mysqli_sql_exception: Unknown column 'id_rol' in 'field list' in C:\xampp\htdocs\backendtaller\system\Database\MySQLi\Connection.php:292
Stack trace:
#0 C:\xampp\htdocs\backendtaller\system\Database\MySQLi\Connection.php(292): mysqli->query('INSERT INTO `us...', 0)
#1 C:\xampp\htdocs\backendtaller\system\Database\BaseConnection.php(666): CodeIgniter\Database\MySQLi\Connection->execute('INSERT INTO `us...')
#2 C:\xampp\htdocs\backendtaller\system\Database\BaseConnection.php(593): CodeIgniter\Database\BaseConnection->simpleQuery('INSERT INTO `us...')
#3 C:\xampp\htdocs\backendtaller\system\Database\BaseBuilder.php(1916): CodeIgniter\Database\BaseConnection->query('INSERT INTO `us...', Array, false)
#4 C:\xampp\htdocs\backendtaller\system\Model.php(279): CodeIgniter\Database\BaseBuilder->insert()
#5 C:\xampp\htdocs\backendtaller\system\BaseModel.php(749): CodeIgniter\Model->doInsert(Array)
#6 C:\xampp\htdocs\backendtaller\system\Model.php(667): CodeIgniter\BaseModel->insert(Array, true)
#7 C:\xampp\htdocs\backendtaller\app\Controllers\API\UsuarioController.php(52): CodeIgniter\Model->insert(Array)
#8 C:\xampp\htdocs\backendtaller\system\CodeIgniter.php(927): App\Controllers\API\UsuarioController->create()
#9 C:\xampp\htdocs\backendtaller\system\CodeIgniter.php(482): CodeIgniter\CodeIgniter->runController(Object(App\Controllers\API\UsuarioController))
#10 C:\xampp\htdocs\backendtaller\system\CodeIgniter.php(351): CodeIgniter\CodeIgniter->handleRequest(NULL, Object(Config\Cache), false)
#11 C:\xampp\htdocs\backendtaller\public\index.php(67): CodeIgniter\CodeIgniter->run()
#12 C:\xampp\htdocs\backendtaller\system\Commands\Server\rewrite.php(46): require_once('C:\\xampp\\htdocs...')
#13 {main}
ERROR - 2022-11-15 20:40:50 --> mysqli_sql_exception: Unknown column 'id_rol' in 'field list' in C:\xampp\htdocs\backendtaller\system\Database\MySQLi\Connection.php:292
Stack trace:
#0 C:\xampp\htdocs\backendtaller\system\Database\MySQLi\Connection.php(292): mysqli->query('INSERT INTO `us...', 0)
#1 C:\xampp\htdocs\backendtaller\system\Database\BaseConnection.php(666): CodeIgniter\Database\MySQLi\Connection->execute('INSERT INTO `us...')
#2 C:\xampp\htdocs\backendtaller\system\Database\BaseConnection.php(593): CodeIgniter\Database\BaseConnection->simpleQuery('INSERT INTO `us...')
#3 C:\xampp\htdocs\backendtaller\system\Database\BaseBuilder.php(1916): CodeIgniter\Database\BaseConnection->query('INSERT INTO `us...', Array, false)
#4 C:\xampp\htdocs\backendtaller\system\Model.php(279): CodeIgniter\Database\BaseBuilder->insert()
#5 C:\xampp\htdocs\backendtaller\system\BaseModel.php(749): CodeIgniter\Model->doInsert(Array)
#6 C:\xampp\htdocs\backendtaller\system\Model.php(667): CodeIgniter\BaseModel->insert(Array, true)
#7 C:\xampp\htdocs\backendtaller\app\Controllers\API\UsuarioController.php(52): CodeIgniter\Model->insert(Array)
#8 C:\xampp\htdocs\backendtaller\system\CodeIgniter.php(927): App\Controllers\API\UsuarioController->create()
#9 C:\xampp\htdocs\backendtaller\system\CodeIgniter.php(482): CodeIgniter\CodeIgniter->runController(Object(App\Controllers\API\UsuarioController))
#10 C:\xampp\htdocs\backendtaller\system\CodeIgniter.php(351): CodeIgniter\CodeIgniter->handleRequest(NULL, Object(Config\Cache), false)
#11 C:\xampp\htdocs\backendtaller\public\index.php(67): CodeIgniter\CodeIgniter->run()
#12 C:\xampp\htdocs\backendtaller\system\Commands\Server\rewrite.php(46): require_once('C:\\xampp\\htdocs...')
#13 {main}
ERROR - 2022-11-15 20:41:04 --> mysqli_sql_exception: Unknown column 'id_rol' in 'field list' in C:\xampp\htdocs\backendtaller\system\Database\MySQLi\Connection.php:292
Stack trace:
#0 C:\xampp\htdocs\backendtaller\system\Database\MySQLi\Connection.php(292): mysqli->query('INSERT INTO `us...', 0)
#1 C:\xampp\htdocs\backendtaller\system\Database\BaseConnection.php(666): CodeIgniter\Database\MySQLi\Connection->execute('INSERT INTO `us...')
#2 C:\xampp\htdocs\backendtaller\system\Database\BaseConnection.php(593): CodeIgniter\Database\BaseConnection->simpleQuery('INSERT INTO `us...')
#3 C:\xampp\htdocs\backendtaller\system\Database\BaseBuilder.php(1916): CodeIgniter\Database\BaseConnection->query('INSERT INTO `us...', Array, false)
#4 C:\xampp\htdocs\backendtaller\system\Model.php(279): CodeIgniter\Database\BaseBuilder->insert()
#5 C:\xampp\htdocs\backendtaller\system\BaseModel.php(749): CodeIgniter\Model->doInsert(Array)
#6 C:\xampp\htdocs\backendtaller\system\Model.php(667): CodeIgniter\BaseModel->insert(Array, true)
#7 C:\xampp\htdocs\backendtaller\app\Controllers\API\UsuarioController.php(52): CodeIgniter\Model->insert(Array)
#8 C:\xampp\htdocs\backendtaller\system\CodeIgniter.php(927): App\Controllers\API\UsuarioController->create()
#9 C:\xampp\htdocs\backendtaller\system\CodeIgniter.php(482): CodeIgniter\CodeIgniter->runController(Object(App\Controllers\API\UsuarioController))
#10 C:\xampp\htdocs\backendtaller\system\CodeIgniter.php(351): CodeIgniter\CodeIgniter->handleRequest(NULL, Object(Config\Cache), false)
#11 C:\xampp\htdocs\backendtaller\public\index.php(67): CodeIgniter\CodeIgniter->run()
#12 C:\xampp\htdocs\backendtaller\system\Commands\Server\rewrite.php(46): require_once('C:\\xampp\\htdocs...')
#13 {main}
ERROR - 2022-11-15 20:41:56 --> mysqli_sql_exception: Unknown column 'id_rol' in 'field list' in C:\xampp\htdocs\backendtaller\system\Database\MySQLi\Connection.php:292
Stack trace:
#0 C:\xampp\htdocs\backendtaller\system\Database\MySQLi\Connection.php(292): mysqli->query('INSERT INTO `us...', 0)
#1 C:\xampp\htdocs\backendtaller\system\Database\BaseConnection.php(666): CodeIgniter\Database\MySQLi\Connection->execute('INSERT INTO `us...')
#2 C:\xampp\htdocs\backendtaller\system\Database\BaseConnection.php(593): CodeIgniter\Database\BaseConnection->simpleQuery('INSERT INTO `us...')
#3 C:\xampp\htdocs\backendtaller\system\Database\BaseBuilder.php(1916): CodeIgniter\Database\BaseConnection->query('INSERT INTO `us...', Array, false)
#4 C:\xampp\htdocs\backendtaller\system\Model.php(279): CodeIgniter\Database\BaseBuilder->insert()
#5 C:\xampp\htdocs\backendtaller\system\BaseModel.php(749): CodeIgniter\Model->doInsert(Array)
#6 C:\xampp\htdocs\backendtaller\system\Model.php(667): CodeIgniter\BaseModel->insert(Array, true)
#7 C:\xampp\htdocs\backendtaller\app\Controllers\API\UsuarioController.php(52): CodeIgniter\Model->insert(Array)
#8 C:\xampp\htdocs\backendtaller\system\CodeIgniter.php(927): App\Controllers\API\UsuarioController->create()
#9 C:\xampp\htdocs\backendtaller\system\CodeIgniter.php(482): CodeIgniter\CodeIgniter->runController(Object(App\Controllers\API\UsuarioController))
#10 C:\xampp\htdocs\backendtaller\system\CodeIgniter.php(351): CodeIgniter\CodeIgniter->handleRequest(NULL, Object(Config\Cache), false)
#11 C:\xampp\htdocs\backendtaller\public\index.php(67): CodeIgniter\CodeIgniter->run()
#12 C:\xampp\htdocs\backendtaller\system\Commands\Server\rewrite.php(46): require_once('C:\\xampp\\htdocs...')
#13 {main}
ERROR - 2022-11-15 20:44:34 --> mysqli_sql_exception: Unknown column 'id_rol' in 'field list' in C:\xampp\htdocs\backendtaller\system\Database\MySQLi\Connection.php:292
Stack trace:
#0 C:\xampp\htdocs\backendtaller\system\Database\MySQLi\Connection.php(292): mysqli->query('INSERT INTO `us...', 0)
#1 C:\xampp\htdocs\backendtaller\system\Database\BaseConnection.php(666): CodeIgniter\Database\MySQLi\Connection->execute('INSERT INTO `us...')
#2 C:\xampp\htdocs\backendtaller\system\Database\BaseConnection.php(593): CodeIgniter\Database\BaseConnection->simpleQuery('INSERT INTO `us...')
#3 C:\xampp\htdocs\backendtaller\system\Database\BaseBuilder.php(1916): CodeIgniter\Database\BaseConnection->query('INSERT INTO `us...', Array, false)
#4 C:\xampp\htdocs\backendtaller\system\Model.php(279): CodeIgniter\Database\BaseBuilder->insert()
#5 C:\xampp\htdocs\backendtaller\system\BaseModel.php(749): CodeIgniter\Model->doInsert(Array)
#6 C:\xampp\htdocs\backendtaller\system\Model.php(667): CodeIgniter\BaseModel->insert(Array, true)
#7 C:\xampp\htdocs\backendtaller\app\Controllers\API\UsuarioController.php(51): CodeIgniter\Model->insert(Array)
#8 C:\xampp\htdocs\backendtaller\system\CodeIgniter.php(927): App\Controllers\API\UsuarioController->create()
#9 C:\xampp\htdocs\backendtaller\system\CodeIgniter.php(482): CodeIgniter\CodeIgniter->runController(Object(App\Controllers\API\UsuarioController))
#10 C:\xampp\htdocs\backendtaller\system\CodeIgniter.php(351): CodeIgniter\CodeIgniter->handleRequest(NULL, Object(Config\Cache), false)
#11 C:\xampp\htdocs\backendtaller\public\index.php(67): CodeIgniter\CodeIgniter->run()
#12 C:\xampp\htdocs\backendtaller\system\Commands\Server\rewrite.php(46): require_once('C:\\xampp\\htdocs...')
#13 {main}
ERROR - 2022-11-15 20:47:30 --> mysqli_sql_exception: Unknown column 'id_rol' in 'field list' in C:\xampp\htdocs\backendtaller\system\Database\MySQLi\Connection.php:292
Stack trace:
#0 C:\xampp\htdocs\backendtaller\system\Database\MySQLi\Connection.php(292): mysqli->query('INSERT INTO `us...', 0)
#1 C:\xampp\htdocs\backendtaller\system\Database\BaseConnection.php(666): CodeIgniter\Database\MySQLi\Connection->execute('INSERT INTO `us...')
#2 C:\xampp\htdocs\backendtaller\system\Database\BaseConnection.php(593): CodeIgniter\Database\BaseConnection->simpleQuery('INSERT INTO `us...')
#3 C:\xampp\htdocs\backendtaller\system\Database\BaseBuilder.php(1916): CodeIgniter\Database\BaseConnection->query('INSERT INTO `us...', Array, false)
#4 C:\xampp\htdocs\backendtaller\system\Model.php(279): CodeIgniter\Database\BaseBuilder->insert()
#5 C:\xampp\htdocs\backendtaller\system\BaseModel.php(749): CodeIgniter\Model->doInsert(Array)
#6 C:\xampp\htdocs\backendtaller\system\Model.php(667): CodeIgniter\BaseModel->insert(Array, true)
#7 C:\xampp\htdocs\backendtaller\app\Controllers\API\UsuarioController.php(52): CodeIgniter\Model->insert(Array)
#8 C:\xampp\htdocs\backendtaller\system\CodeIgniter.php(927): App\Controllers\API\UsuarioController->create()
#9 C:\xampp\htdocs\backendtaller\system\CodeIgniter.php(482): CodeIgniter\CodeIgniter->runController(Object(App\Controllers\API\UsuarioController))
#10 C:\xampp\htdocs\backendtaller\system\CodeIgniter.php(351): CodeIgniter\CodeIgniter->handleRequest(NULL, Object(Config\Cache), false)
#11 C:\xampp\htdocs\backendtaller\public\index.php(67): CodeIgniter\CodeIgniter->run()
#12 C:\xampp\htdocs\backendtaller\system\Commands\Server\rewrite.php(46): require_once('C:\\xampp\\htdocs...')
#13 {main}
ERROR - 2022-11-15 20:47:50 --> mysqli_sql_exception: Unknown column 'id_rol' in 'field list' in C:\xampp\htdocs\backendtaller\system\Database\MySQLi\Connection.php:292
Stack trace:
#0 C:\xampp\htdocs\backendtaller\system\Database\MySQLi\Connection.php(292): mysqli->query('INSERT INTO `us...', 0)
#1 C:\xampp\htdocs\backendtaller\system\Database\BaseConnection.php(666): CodeIgniter\Database\MySQLi\Connection->execute('INSERT INTO `us...')
#2 C:\xampp\htdocs\backendtaller\system\Database\BaseConnection.php(593): CodeIgniter\Database\BaseConnection->simpleQuery('INSERT INTO `us...')
#3 C:\xampp\htdocs\backendtaller\system\Database\BaseBuilder.php(1916): CodeIgniter\Database\BaseConnection->query('INSERT INTO `us...', Array, false)
#4 C:\xampp\htdocs\backendtaller\system\Model.php(279): CodeIgniter\Database\BaseBuilder->insert()
#5 C:\xampp\htdocs\backendtaller\system\BaseModel.php(749): CodeIgniter\Model->doInsert(Array)
#6 C:\xampp\htdocs\backendtaller\system\Model.php(667): CodeIgniter\BaseModel->insert(Array, true)
#7 C:\xampp\htdocs\backendtaller\app\Controllers\API\UsuarioController.php(52): CodeIgniter\Model->insert(Array)
#8 C:\xampp\htdocs\backendtaller\system\CodeIgniter.php(927): App\Controllers\API\UsuarioController->create()
#9 C:\xampp\htdocs\backendtaller\system\CodeIgniter.php(482): CodeIgniter\CodeIgniter->runController(Object(App\Controllers\API\UsuarioController))
#10 C:\xampp\htdocs\backendtaller\system\CodeIgniter.php(351): CodeIgniter\CodeIgniter->handleRequest(NULL, Object(Config\Cache), false)
#11 C:\xampp\htdocs\backendtaller\public\index.php(67): CodeIgniter\CodeIgniter->run()
#12 C:\xampp\htdocs\backendtaller\system\Commands\Server\rewrite.php(46): require_once('C:\\xampp\\htdocs...')
#13 {main}
